MEM 587.656250 1721860741.9884
MEM 588.312500 1721860741.9960
MEM 2481.195312 1721860772.0286
MEM 1596.328125 1721860802.0607
MEM 3974.820312 1721860832.0928
MEM 4313.593750 1721860862.1239
MEM 5678.425781 1721860892.1567
MEM 5997.773438 1721860922.1885
MEM 7089.519531 1721860952.2160
MEM 7089.519531 1721860982.2407
MEM 7089.519531 1721861012.2707
MEM 7089.761719 1721861042.3010
MEM 7089.761719 1721861072.3308
MEM 7089.761719 1721861102.3610
MEM 7089.761719 1721861132.3910
MEM 7089.761719 1721861162.4208
MEM 7089.761719 1721861192.4507
MEM 7089.761719 1721861222.4806
MEM 7089.761719 1721861252.5110
MEM 7089.761719 1721861282.5407
MEM 7089.761719 1721861312.5708
MEM 7089.761719 1721861342.6013
MEM 7089.761719 1721861372.6307
MEM 7089.761719 1721861402.6615
MEM 7089.761719 1721861432.6930
MEM 7089.761719 1721861462.7212
MEM 7089.761719 1721861492.7508
MEM 7089.761719 1721861522.7807
MEM 7089.761719 1721861552.8108
MEM 7089.761719 1721861582.8410
MEM 6611.730469 1721861612.8706
MEM 6103.972656 1721861628.4276
