INFO:pypsa.io:Imported network elec_s10_5_lv1.25___2050.nc has buses, carriers, generators, global_constraints, lines, links, loads, shapes, storage_units, stores
WARNING:pypsa.components:The following buses have no attached components, which can break the lopf:
{'EU'}
WARNING:pypsa.components:The following buses have no attached components, which can break the lopf:
{'EU'}
INFO:__main__:Adding solar potential constraint.
INFO:linopy.model: Solve problem using Gurobi solver
INFO:linopy.model:Solver logs written to `results/first/Mynetworks/logs/elec_s10_5_lv1.25___2050_solver.log`.
INFO:linopy.model:Solver options:
 - threads: 4
 - method: 2
 - crossover: 0
 - BarConvTol: 1e-06
 - Seed: 123
 - AggFill: 0
 - PreDual: 0
 - GURO_PAR_BARDENSETHRESH: 200
INFO:linopy.io:Writing objective.
INFO:linopy.io: Writing time: 56.02s
INFO:linopy.constants: Optimization successful: 
Status: ok
Termination condition: optimal
Solution: 3600586 primals, 7726713 duals
Objective: 1.25e+11
Solver model: available
Solver message: 2

INFO:pypsa.optimization.optimize:The shadow-prices of the constraints Generator-fix-p-lower, Generator-fix-p-upper, Generator-ext-p-lower, Generator-ext-p-upper, Line-ext-s-lower, Line-ext-s-upper, Link-fix-p-lower, Link-fix-p-upper, Link-ext-p-lower, Link-ext-p-upper, Store-fix-e-lower, Store-fix-e-upper, Store-ext-e-lower, Store-ext-e-upper, StorageUnit-fix-p_dispatch-lower, StorageUnit-fix-p_dispatch-upper, StorageUnit-fix-p_store-lower, StorageUnit-fix-p_store-upper, StorageUnit-fix-state_of_charge-lower, StorageUnit-fix-state_of_charge-upper, Kirchhoff-Voltage-Law, StorageUnit-energy_balance, Store-energy_balance, Line-loss_upper, Line-loss_tangents-1--1, Line-loss_tangents-1-1, Line-loss_tangents-2--1, Line-loss_tangents-2-1, solar_potential were not assigned to the network.
INFO:__main__:Maximum memory usage: (7089.76171875, 1721861582.8409677)
INFO:pypsa.io:Exported network elec_s10_5_lv1.25___2050.nc has generators, storage_units, links, shapes, stores, loads, buses, global_constraints, lines, carriers
