
Gurobi 11.0.2 (linux64) logging started Thu Jul 25 00:40:27 2024

Set parameter LogFile to value "results/first/Mynetworks/logs/elec_s10_5_lv1.25___2050_solver.log"
Gurobi Optimizer version 11.0.2 build v11.0.2rc0 (linux64 - "Ubuntu 22.04.3 LTS")

CPU model: 13th Gen Intel(R) Core(TM) i5-1345U, instruction set [SSE2|AVX|AVX2]
Thread count: 4 physical cores, 8 logical processors, using up to 4 threads

Optimize a model with 7726713 rows, 3600586 columns and 18035762 nonzeros
Model fingerprint: 0x5ce56cea
Coefficient statistics:
  Matrix range     [4e-03, 5e+02]
  Objective range  [9e-03, 2e+06]
  Bounds range     [4e+01, 1e+10]
  RHS range        [2e+01, 1e+09]
Warning: Model contains large bounds
         Consider reformulating model or setting NumericFocus parameter
         to avoid numerical issues.
Presolve removed 4013862 rows and 238207 columns (presolve time = 5s) ...
Presolve removed 4446492 rows and 670837 columns (presolve time = 10s) ...
Presolve removed 4446492 rows and 670837 columns (presolve time = 16s) ...
Presolve removed 4446492 rows and 670837 columns
Presolve time: 19.83s
Presolved: 3280221 rows, 2929749 columns, 12449817 nonzeros
Elapsed ordering time = 5s
Elapsed ordering time = 10s
Elapsed ordering time = 27s
Elapsed ordering time = 32s
Elapsed ordering time = 38s
Elapsed ordering time = 41s
Elapsed ordering time = 46s
Elapsed ordering time = 50s
Elapsed ordering time = 55s
Elapsed ordering time = 60s
Elapsed ordering time = 65s
Elapsed ordering time = 70s
Elapsed ordering time = 75s
Elapsed ordering time = 80s
Elapsed ordering time = 85s
Ordering time: 90.98s

Barrier statistics:
 Dense cols : 243
 AA' NZ     : 1.321e+07
 Factor NZ  : 1.154e+08 (roughly 3.5 GB of memory)
 Factor Ops : 4.106e+10 (less than 1 second per iteration)
 Threads    : 4

                  Objective                Residual
Iter       Primal          Dual         Primal    Dual     Compl     Time
   0   3.57178135e+15 -6.32139087e+15  7.53e+12 6.83e+01  1.67e+12   120s
   1   3.81849565e+15 -4.07399481e+15  6.84e+12 2.95e+03  1.17e+12   123s
   2   4.14713560e+15 -2.92949193e+15  5.93e+12 2.19e+03  8.89e+11   127s
   3   4.46164990e+15 -2.23969202e+15  4.01e+12 1.27e+03  5.79e+11   131s
   4   4.76981009e+15 -2.75134818e+15  3.01e+12 7.75e+02  4.18e+11   134s
   5   4.97229080e+15 -2.40502707e+15  2.11e+12 4.80e+02  2.86e+11   138s
   6   5.14132272e+15 -1.90830468e+15  1.27e+12 1.68e+02  1.59e+11   142s
   7   4.96931606e+15 -1.49456235e+15  5.80e+11 6.72e+01  7.34e+10   147s
   8   4.40560668e+15 -1.19072376e+15  2.90e+11 3.21e+01  3.72e+10   150s
   9   3.77086105e+15 -1.08351244e+15  1.81e+11 2.36e+01  2.36e+10   153s
  10   3.41796142e+15 -9.96371620e+14  1.39e+11 1.70e+01  1.81e+10   156s
  11   3.10738581e+15 -9.44625668e+14  1.12e+11 1.28e+01  1.47e+10   159s
  12   2.64496880e+15 -9.15273534e+14  7.99e+10 1.11e+01  1.07e+10   161s
  13   2.31946569e+15 -8.30971659e+14  6.09e+10 7.17e+00  7.97e+09   165s
  14   1.91660657e+15 -7.60498380e+14  4.30e+10 4.19e+00  5.56e+09   168s
  15   1.34289446e+15 -7.25110065e+14  2.33e+10 3.17e+00  3.16e+09   173s
  16   1.01159418e+15 -6.58136109e+14  1.45e+10 1.95e+00  1.99e+09   178s
  17   6.92751258e+14 -5.66926154e+14  8.04e+09 1.02e+00  1.12e+09   182s
  18   5.23252527e+14 -4.78789040e+14  5.46e+09 6.05e-01  7.61e+08   185s
  19   3.56675419e+14 -4.03398095e+14  3.31e+09 3.89e-01  4.73e+08   188s
  20   2.43703878e+14 -2.94048909e+14  2.04e+09 2.11e-01  2.84e+08   190s
  21   1.96912090e+14 -2.10438340e+14  1.58e+09 9.54e-02  2.04e+08   193s
  22   1.49425174e+14 -1.57919382e+14  1.11e+09 4.67e-02  1.38e+08   196s
  23   9.71127752e+13 -1.21503981e+14  6.83e+08 2.60e-02  8.50e+07   198s
  24   8.86815612e+13 -1.09845677e+14  6.17e+08 1.93e-02  7.53e+07   201s
  25   3.46972524e+13 -6.85682581e+13  2.31e+08 8.19e-03  2.99e+07   205s
  26   3.28632758e+13 -3.51147273e+13  2.17e+08 2.54e-03  1.94e+07   207s
  27   1.96215385e+13 -2.33631332e+13  1.25e+08 8.25e-04  1.09e+07   210s
  28   7.66956967e+12 -1.49772445e+13  4.37e+07 4.42e-04  4.81e+06   213s
  29   5.05290738e+12 -1.06578372e+13  2.75e+07 2.85e-04  3.15e+06   216s
  30   4.88063926e+12 -8.70670318e+12  2.65e+07 2.22e-04  2.71e+06   219s
  31   3.70653194e+12 -5.78925488e+12  1.95e+07 1.33e-04  1.84e+06   221s
  32   2.65779448e+12 -3.38452038e+12  1.32e+07 6.46e-05  1.13e+06   225s
  33   1.69770137e+12 -1.91732286e+12  7.89e+06 2.86e-05  6.54e+05   229s
  34   1.09832853e+12 -1.11175333e+12  4.61e+06 2.10e-05  3.89e+05   234s
  35   8.10407629e+11 -6.44372629e+11  3.07e+06 4.32e-05  2.52e+05   239s
  36   6.50556460e+11 -5.12791747e+11  2.25e+06 5.82e-05  2.00e+05   242s
  37   5.70701724e+11 -3.67150367e+11  1.81e+06 7.84e-05  1.60e+05   245s
  38   4.90925398e+11 -2.71826660e+11  1.38e+06 9.23e-05  1.30e+05   248s
  39   4.10843914e+11 -1.18323134e+11  9.75e+05 1.19e-04  8.92e+04   252s
  40   3.48709230e+11 -7.90663252e+10  7.20e+05 1.29e-04  7.19e+04   257s
  41   3.10456542e+11 -5.99358492e+10  5.77e+05 1.34e-04  6.21e+04   262s
  42   2.82416750e+11 -1.04127545e+10  4.84e+05 1.45e-04  4.90e+04   266s
  43   2.56924645e+11  2.33721110e+10  4.01e+05 1.51e-04  3.90e+04   271s
  44   2.22246358e+11  4.68228548e+10  2.92e+05 1.55e-04  2.92e+04   276s
  45   1.99506682e+11  7.44466470e+10  2.22e+05 1.57e-04  2.08e+04   281s
  46   1.76249832e+11  8.83627892e+10  1.52e+05 1.56e-04  1.46e+04   286s
  47   1.70130563e+11  9.59499523e+10  1.34e+05 1.53e-04  1.23e+04   290s
  48   1.60774312e+11  1.03093448e+11  1.06e+05 1.49e-04  9.54e+03   296s
  49   1.54803264e+11  1.07721903e+11  8.83e+04 1.46e-04  7.78e+03   300s
  50   1.50100819e+11  1.11197833e+11  7.42e+04 1.42e-04  6.42e+03   304s
  51   1.46840544e+11  1.13907727e+11  6.45e+04 1.38e-04  5.43e+03   309s
  52   1.44388667e+11  1.15351034e+11  5.75e+04 1.36e-04  4.78e+03   314s
  53   1.42262692e+11  1.16459155e+11  5.12e+04 1.33e-04  4.24e+03   319s
  54   1.39239684e+11  1.18029438e+11  4.23e+04 1.30e-04  3.48e+03   324s
  55   1.36994283e+11  1.19194094e+11  3.55e+04 1.27e-04  2.91e+03   328s
  56   1.34709581e+11  1.19910041e+11  2.87e+04 1.25e-04  2.42e+03   333s
  57   1.34207479e+11  1.20466348e+11  2.72e+04 1.24e-04  2.24e+03   337s
  58   1.33251134e+11  1.21070093e+11  2.44e+04 1.22e-04  1.98e+03   341s
  59   1.31810084e+11  1.21218863e+11  2.01e+04 1.21e-04  1.72e+03   346s
  60   1.31461211e+11  1.21680774e+11  1.91e+04 1.20e-04  1.59e+03   350s
  61   1.30978972e+11  1.22308536e+11  1.76e+04 1.17e-04  1.40e+03   355s
  62   1.29861171e+11  1.22597748e+11  1.43e+04 1.16e-04  1.17e+03   360s
  63   1.29468636e+11  1.22868549e+11  1.31e+04 1.15e-04  1.06e+03   365s
  64   1.29260685e+11  1.22922642e+11  1.24e+04 1.15e-04  1.02e+03   370s
  65   1.28514114e+11  1.23208549e+11  1.02e+04 1.14e-04  8.51e+02   374s
  66   1.27969336e+11  1.23466375e+11  8.58e+03 1.13e-04  7.20e+02   379s
  67   1.27840512e+11  1.23656803e+11  8.19e+03 1.12e-04  6.68e+02   384s
  68   1.27546204e+11  1.23718471e+11  7.31e+03 1.12e-04  6.10e+02   389s
  69   1.27493619e+11  1.23803483e+11  7.15e+03 1.11e-04  5.88e+02   393s
  70   1.27187230e+11  1.23912333e+11  6.25e+03 1.11e-04  5.21e+02   397s
  71   1.27035554e+11  1.24023533e+11  5.80e+03 1.10e-04  4.78e+02   402s
  72   1.26839821e+11  1.24109178e+11  5.22e+03 1.09e-04  4.33e+02   406s
  73   1.26668943e+11  1.24208184e+11  4.73e+03 1.09e-04  3.89e+02   411s
  74   1.26537020e+11  1.24297874e+11  4.34e+03 1.08e-04  3.54e+02   416s
  75   1.26255035e+11  1.24394147e+11  3.54e+03 1.08e-04  2.94e+02   420s
  76   1.26094196e+11  1.24442047e+11  3.08e+03 1.07e-04  2.61e+02   425s
  77   1.25857635e+11  1.24482353e+11  2.41e+03 1.03e-04  2.18e+02   430s
  78   1.25709361e+11  1.24553277e+11  1.94e+03 8.74e-05  1.81e+02   434s
  79   1.25632167e+11  1.24608459e+11  1.71e+03 7.63e-05  1.60e+02   439s
  80   1.25530603e+11  1.24651892e+11  1.41e+03 6.77e-05  1.36e+02   444s
  81   1.25474524e+11  1.24695588e+11  1.24e+03 5.89e-05  1.20e+02   449s
  82   1.25427819e+11  1.24734160e+11  1.10e+03 5.12e-05  1.05e+02   453s
  83   1.25378181e+11  1.24767714e+11  9.57e+02 4.47e-05  9.17e+01   458s
  84   1.25352744e+11  1.24777225e+11  8.82e+02 4.28e-05  8.60e+01   463s
  85   1.25314726e+11  1.24801377e+11  7.68e+02 3.79e-05  7.57e+01   468s
  86   1.25306399e+11  1.24811661e+11  7.43e+02 3.59e-05  7.26e+01   472s
  87   1.25256070e+11  1.24830072e+11  5.96e+02 3.22e-05  6.12e+01   477s
  88   1.25230696e+11  1.24848461e+11  5.21e+02 2.85e-05  5.39e+01   481s
  89   1.25197862e+11  1.24862947e+11  4.25e+02 2.56e-05  4.61e+01   486s
  90   1.25188342e+11  1.24871781e+11  3.97e+02 2.39e-05  4.30e+01   491s
  91   1.25175948e+11  1.24883422e+11  3.60e+02 2.16e-05  3.90e+01   495s
  92   1.25156172e+11  1.24894894e+11  3.03e+02 1.93e-05  3.38e+01   500s
  93   1.25147438e+11  1.24906670e+11  2.78e+02 1.70e-05  3.04e+01   505s
  94   1.25139664e+11  1.24914111e+11  2.56e+02 1.55e-05  2.79e+01   509s
  95   1.25134743e+11  1.24923580e+11  2.41e+02 1.37e-05  2.55e+01   514s
  96   1.25123153e+11  1.24928006e+11  2.08e+02 1.28e-05  2.29e+01   519s
  97   1.25116802e+11  1.24933066e+11  1.90e+02 1.18e-05  2.10e+01   524s
  98   1.25110207e+11  1.24940368e+11  1.71e+02 1.04e-05  1.86e+01   529s
  99   1.25105501e+11  1.24944893e+11  1.58e+02 9.44e-06  1.71e+01   534s
 100   1.25100666e+11  1.24948942e+11  1.44e+02 8.64e-06  1.56e+01   538s
 101   1.25094947e+11  1.24952484e+11  1.28e+02 7.93e-06  1.41e+01   543s
 102   1.25090885e+11  1.24955493e+11  1.16e+02 7.33e-06  1.29e+01   548s
 103   1.25087683e+11  1.24958739e+11  1.07e+02 6.68e-06  1.19e+01   552s
 104   1.25085451e+11  1.24964963e+11  1.01e+02 5.43e-06  1.05e+01   557s
 105   1.25081154e+11  1.24965752e+11  8.88e+01 5.27e-06  9.62e+00   562s
 106   1.25078622e+11  1.24968674e+11  8.15e+01 4.68e-06  8.71e+00   566s
 107   1.25075958e+11  1.24969830e+11  7.41e+01 4.44e-06  8.08e+00   570s
 108   1.25073791e+11  1.24971859e+11  6.81e+01 4.03e-06  7.38e+00   575s
 109   1.25069827e+11  1.24973552e+11  5.71e+01 3.68e-06  6.44e+00   579s
 110   1.25068155e+11  1.24976338e+11  5.24e+01 3.11e-06  5.70e+00   584s
 111   1.25066529e+11  1.24977227e+11  4.79e+01 2.93e-06  5.28e+00   588s
 112   1.25064858e+11  1.24978118e+11  4.34e+01 2.75e-06  4.86e+00   593s
 113   1.25062952e+11  1.24978975e+11  3.82e+01 2.57e-06  4.40e+00   598s
 114   1.25061321e+11  1.24980275e+11  3.37e+01 2.31e-06  3.92e+00   602s
 115   1.25060188e+11  1.24981495e+11  3.06e+01 2.29e-06  3.53e+00   607s
 116   1.25059462e+11  1.24982244e+11  2.87e+01 2.29e-06  3.28e+00   612s
 117   1.25058833e+11  1.24982485e+11  2.70e+01 2.29e-06  3.14e+00   616s
 118   1.25057676e+11  1.24983073e+11  2.39e+01 2.29e-06  2.85e+00   621s
 119   1.25057095e+11  1.24984197e+11  2.23e+01 2.29e-06  2.57e+00   626s
 120   1.25054990e+11  1.24984754e+11  1.68e+01 2.29e-06  2.13e+00   630s
 121   1.25054419e+11  1.24985591e+11  1.52e+01 2.29e-06  1.90e+00   635s
 122   1.25053857e+11  1.24986501e+11  1.38e+01 2.29e-06  1.66e+00   640s
 123   1.25053148e+11  1.24986985e+11  1.19e+01 2.29e-06  1.46e+00   644s
 124   1.25052567e+11  1.24987265e+11  1.04e+01 2.29e-06  1.32e+00   649s
 125   1.25052182e+11  1.24987800e+11  9.49e+00 2.29e-06  1.17e+00   654s
 126   1.25051656e+11  1.24988079e+11  8.18e+00 2.29e-06  1.04e+00   658s
 127   1.25051184e+11  1.24988417e+11  7.01e+00 2.29e-06  9.09e-01   663s
 128   1.25050880e+11  1.24988812e+11  6.27e+00 2.29e-06  7.95e-01   668s
 129   1.25050631e+11  1.24989133e+11  5.66e+00 2.29e-06  7.02e-01   673s
 130   1.25050377e+11  1.24989278e+11  5.07e+00 2.29e-06  6.40e-01   678s
 131   1.25050227e+11  1.24989347e+11  4.72e+00 2.29e-06  6.05e-01   682s
 132   1.25050020e+11  1.24989657e+11  4.24e+00 2.29e-06  5.21e-01   688s
 133   1.25049821e+11  1.24989924e+11  3.79e+00 2.29e-06  4.46e-01   693s
 134   1.25049565e+11  1.24990081e+11  3.21e+00 2.29e-06  3.83e-01   698s
 135   1.25049275e+11  1.24990237e+11  2.59e+00 2.29e-06  3.15e-01   702s
 136   1.25049109e+11  1.24990376e+11  2.23e+00 2.29e-06  2.69e-01   707s
 137   1.25048959e+11  1.24990456e+11  1.93e+00 2.29e-06  2.35e-01   712s
 138   1.25048799e+11  1.24990515e+11  1.62e+00 2.29e-06  2.04e-01   717s
 139   1.25048667e+11  1.24990621e+11  1.37e+00 2.29e-06  1.69e-01   722s
 140   1.25048577e+11  1.24990668e+11  1.20e+00 2.29e-06  1.50e-01   727s
 141   1.25048443e+11  1.24990764e+11  9.71e-01 2.29e-06  1.19e-01   732s
 142   1.25048284e+11  1.24990801e+11  7.12e-01 2.29e-06  9.52e-02   737s
 143   1.25048184e+11  1.24990855e+11  5.67e-01 6.30e-06  7.62e-02   743s
 144   1.25048093e+11  1.24990894e+11  4.48e-01 1.84e-05  6.17e-02   748s
 145   1.25048021e+11  1.24990940e+11  3.72e-01 3.64e-06  4.80e-02   753s
 146   1.25047900e+11  1.24990987e+11  2.50e-01 2.48e-04  3.11e-02   758s
 147   1.25047782e+11  1.24991006e+11  1.60e-01 1.64e-04  2.11e-02   764s

Barrier solved model in 147 iterations and 763.85 seconds (474.56 work units)
Optimal objective 1.25047782e+11

